<?xml version="1.0" encoding="UTF-8" ?>
<testsuite tests="7" failures="0" name="control.PuestoTest" time="0.571" errors="0" skipped="0">
  <properties>
[...]
</properties>
  <testcase classname="control.PuestoTest" name="testGetId" time="0.309"/>
  <testcase classname="control.PuestoTest" name="testGetNombrePuesto" time="0.043"/>
  <testcase classname="control.PuestoTest" name="testGetDuenioPuesto" time="0.036"/>
  <testcase classname="control.PuestoTest" name="testGetTipoComida" time="0.036"/>
  <testcase classname="control.PuestoTest" name="testObtenerPuestos" time="0.044"/>
  <testcase classname="control.PuestoTest" name="testGetHoraCierre" time="0.04"/>
  <testcase classname="control.PuestoTest" name="testGetHoraApertura" time="0.038"/>
</testsuite>